                                                   QUERY PLAN                                                    
-----------------------------------------------------------------------------------------------------------------
 Sort  (cost=1129915.67..1129918.16 rows=997 width=36)
   Sort Key: movie.production_year DESC, movie.title
   ->  Nested Loop  (cost=75911.34..1129866.01 rows=997 width=36)
         ->  Nested Loop  (cost=75910.91..1129403.07 rows=997 width=25)
               ->  Nested Loop Semi Join  (cost=75910.48..1128483.94 rows=1994 width=12)
                     ->  Hash Semi Join  (cost=75909.90..1127185.91 rows=1994 width=8)
                           Hash Cond: (cast_info.person_role_id = char_name.id)
                           ->  Seq Scan on cast_info  (cost=0.00..910397.92 rows=53659392 width=12)
                           ->  Hash  (cost=75909.89..75909.89 rows=1 width=4)
                                 ->  Seq Scan on char_name  (cost=0.00..75909.89 rows=1 width=4)
                                       Filter: ((name)::text = 'Morpheus'::text)
                     ->  Nested Loop Semi Join  (cost=0.58..0.64 rows=1 width=4)
                           ->  Index Scan using movie_pkey on movie movie_1  (cost=0.43..0.45 rows=1 width=8)
                                 Index Cond: (id = cast_info.movie_id)
                           ->  Index Scan using movie_type5_pkey on movie_type  (cost=0.15..0.17 rows=1 width=4)
                                 Index Cond: (id = movie_1.kind_id)
                                 Filter: ((kind)::text = 'video game'::text)
               ->  Index Scan using movie_pkey on movie  (cost=0.43..0.45 rows=1 width=25)
                     Index Cond: (id = cast_info.movie_id)
         ->  Index Scan using person_pkey on person  (cost=0.43..0.45 rows=1 width=19)
               Index Cond: (id = cast_info.person_id)
(21 rows)

