                                               QUERY PLAN                                               
--------------------------------------------------------------------------------------------------------
 Unique  (cost=1163582.01..1163599.44 rows=2324 width=21)
   ->  Sort  (cost=1163582.01..1163587.82 rows=2324 width=21)
         Sort Key: movie.production_year DESC, movie.title
         ->  Nested Loop  (cost=109425.21..1163452.07 rows=2324 width=21)
               ->  Nested Loop  (cost=109424.78..1162372.98 rows=2324 width=29)
                     ->  Hash Semi Join  (cost=109424.35..1161301.75 rows=2324 width=12)
                           Hash Cond: (cast_info.person_id = person_1.id)
                           ->  Seq Scan on cast_info  (cost=0.00..910871.36 rows=53706736 width=8)
                           ->  Hash  (cost=109424.31..109424.31 rows=3 width=4)
                                 ->  Seq Scan on person person_1  (cost=0.00..109424.31 rows=3 width=4)
                                       Filter: ((name)::text = 'Cage, Nicolas'::text)
                     ->  Index Scan using movie_pkey on movie  (cost=0.43..0.45 rows=1 width=25)
                           Index Cond: (id = cast_info.movie_id)
               ->  Index Only Scan using person_pkey on person  (cost=0.43..0.45 rows=1 width=4)
                     Index Cond: (id = cast_info.person_id)
(15 rows)

